/*C21*/SET SCHEMA PUBLIC
alter table collocation drop constraint UK_9nopgnib032w7wky8ao1xk2hg
alter table collocation add constraint UK_9nopgnib032w7wky8ao1xk2hg unique (type, value)
alter table word drop constraint UK_541j4thbnmc24u75xk17f2a03
alter table word add constraint UK_541j4thbnmc24u75xk17f2a03 unique (type, value)
/*C20*/SET SCHEMA PUBLIC
DELETE FROM COLLOCATION_WORDS WHERE COLLOCATION_ID=327680 AND WORDS_ID=589824
DELETE FROM COLLOCATION WHERE ID=327680
COMMIT
/*C21*/DELETE FROM HIBERNATE_SEQUENCES WHERE SEQUENCE_NAME='collocation' AND SEQUENCE_NEXT_HI_VALUE=12
INSERT INTO HIBERNATE_SEQUENCES VALUES('collocation',13)
COMMIT
DELETE FROM HIBERNATE_SEQUENCES WHERE SEQUENCE_NAME='word' AND SEQUENCE_NEXT_HI_VALUE=20
INSERT INTO HIBERNATE_SEQUENCES VALUES('word',21)
COMMIT
/*C20*/INSERT INTO COLLOCATION VALUES(393216,'SENTENCE','\u0441\u043c\u0435\u043b\u044b\u0439 \u0431\u0440\u0430\u0442',0)
INSERT INTO WORD VALUES(655360,'UNDEF','\u0431\u0440\u0430\u0442',0)
INSERT INTO COLLOCATION_WORDS VALUES(393216,589824)
INSERT INTO COLLOCATION_WORDS VALUES(393216,655360)
COMMIT
/*C21*/DELETE FROM COLLOCATION_WORDS WHERE COLLOCATION_ID=360448 AND WORDS_ID=622592
DELETE FROM COLLOCATION WHERE ID=360448
COMMIT
INSERT INTO COLLOCATION VALUES(393217,'SENTENCE','\u0443\u043c\u043d\u044b\u0439 \u0431\u0440\u0430\u0442',0)
INSERT INTO COLLOCATION_WORDS VALUES(393217,622592)
INSERT INTO COLLOCATION_WORDS VALUES(393217,655360)
COMMIT
DELETE FROM WORD WHERE ID=655360
INSERT INTO WORD VALUES(655360,'NOUN','\u0431\u0440\u0430\u0442',0)
COMMIT
DELETE FROM WORD WHERE ID=589824
INSERT INTO WORD VALUES(589824,'ADJECTIVE','\u0441\u043c\u0435\u043b\u044b\u0439',0)
COMMIT
DELETE FROM WORD WHERE ID=622592
INSERT INTO WORD VALUES(622592,'ADJECTIVE','\u0443\u043c\u043d\u044b\u0439',0)
COMMIT
