/*C21*/SET SCHEMA PUBLIC
alter table collocation drop constraint UK_9nopgnib032w7wky8ao1xk2hg
alter table collocation add constraint UK_9nopgnib032w7wky8ao1xk2hg unique (type, value)
alter table word drop constraint UK_541j4thbnmc24u75xk17f2a03
alter table word add constraint UK_541j4thbnmc24u75xk17f2a03 unique (type, value)
/*C20*/SET SCHEMA PUBLIC
INSERT INTO HIBERNATE_SEQUENCES VALUES('collocation',0)
DELETE FROM HIBERNATE_SEQUENCES WHERE SEQUENCE_NAME='collocation' AND SEQUENCE_NEXT_HI_VALUE=0
INSERT INTO HIBERNATE_SEQUENCES VALUES('collocation',1)
COMMIT
/*C21*/INSERT INTO COLLOCATION VALUES(1,'SENTENCE','The life is beautiful!')
COMMIT
INSERT INTO COLLOCATION VALUES(2,'SENTENCE','\u0416\u0438\u0437\u043d\u044c \u043f\u0440\u0435\u043a\u0440\u0430\u0441\u043d\u0430')
COMMIT
/*C20*/DELETE FROM HIBERNATE_SEQUENCES WHERE SEQUENCE_NAME='word' AND SEQUENCE_NEXT_HI_VALUE=1
INSERT INTO HIBERNATE_SEQUENCES VALUES('word',2)
COMMIT
/*C21*/INSERT INTO WORD VALUES(32768,'NOUN','\u0436\u0438\u0437\u043d\u044c')
COMMIT
DISCONNECT
/*C20*/DISCONNECT
/*C19*/SET SCHEMA PUBLIC
DISCONNECT
/*C18*/SET SCHEMA PUBLIC
DISCONNECT
/*C17*/SET SCHEMA PUBLIC
DISCONNECT
/*C16*/SET SCHEMA PUBLIC
DISCONNECT
/*C15*/SET SCHEMA PUBLIC
DISCONNECT
/*C14*/SET SCHEMA PUBLIC
DISCONNECT
/*C13*/SET SCHEMA PUBLIC
DISCONNECT
/*C12*/SET SCHEMA PUBLIC
DISCONNECT
